C:\USERS\E\DESKTOP\AUDIOCORE(NEW)\AUDIOCORE\DEBUG\AUDIOCORE.EXE.EMBED.MANIFEST
C:\USERS\E\DESKTOP\AUDIOCORE(NEW)\AUDIOCORE\DEBUG\AUDIOCORE.EXE.EMBED.MANIFEST.RES
C:\USERS\E\DESKTOP\AUDIOCORE(NEW)\AUDIOCORE\DEBUG\AUDIOCORE.EXE.INTERMEDIATE.MANIFEST
C:\USERS\E\DESKTOP\AUDIOCORE(NEW)\AUDIOCORE\DEBUG\AUDIOCORE.OBJ
C:\Users\e\Desktop\AudioCore(NEW)\AudioCore\Debug\AudioCore_manifest.rc
C:\Users\e\Desktop\AudioCore(NEW)\AudioCore\Debug\cl.command.1.tlog
C:\Users\e\Desktop\AudioCore(NEW)\AudioCore\Debug\CL.read.1.tlog
C:\Users\e\Desktop\AudioCore(NEW)\AudioCore\Debug\CL.write.1.tlog
C:\Users\e\Desktop\AudioCore(NEW)\AudioCore\Debug\link.8292.read.1.tlog
C:\Users\e\Desktop\AudioCore(NEW)\AudioCore\Debug\link.8292.write.1.tlog
C:\Users\e\Desktop\AudioCore(NEW)\AudioCore\Debug\link.8292-cvtres.read.1.tlog
C:\Users\e\Desktop\AudioCore(NEW)\AudioCore\Debug\link.8292-cvtres.write.1.tlog
C:\Users\e\Desktop\AudioCore(NEW)\AudioCore\Debug\link.command.1.tlog
C:\Users\e\Desktop\AudioCore(NEW)\AudioCore\Debug\link.read.1.tlog
C:\Users\e\Desktop\AudioCore(NEW)\AudioCore\Debug\link.write.1.tlog
C:\Users\e\Desktop\AudioCore(NEW)\AudioCore\Debug\link-cvtres.read.1.tlog
C:\Users\e\Desktop\AudioCore(NEW)\AudioCore\Debug\link-cvtres.write.1.tlog
C:\Users\e\Desktop\AudioCore(NEW)\AudioCore\Debug\mt.command.1.tlog
C:\Users\e\Desktop\AudioCore(NEW)\AudioCore\Debug\mt.read.1.tlog
C:\Users\e\Desktop\AudioCore(NEW)\AudioCore\Debug\mt.write.1.tlog
C:\Users\e\Desktop\AudioCore(NEW)\AudioCore\Debug\rc.command.1.tlog
C:\Users\e\Desktop\AudioCore(NEW)\AudioCore\Debug\rc.read.1.tlog
C:\Users\e\Desktop\AudioCore(NEW)\AudioCore\Debug\rc.write.1.tlog
C:\USERS\E\DESKTOP\AUDIOCORE(NEW)\AUDIOCORE\DEBUG\TEST.OBJ
C:\Users\e\Desktop\AudioCore(NEW)\AudioCore\Debug\vc100.idb
C:\USERS\E\DESKTOP\AUDIOCORE(NEW)\AUDIOCORE\DEBUG\VC100.PDB
C:\USERS\E\DESKTOP\AUDIOCORE(NEW)\DEBUG\AUDIOCORE.EXE
C:\USERS\E\DESKTOP\AUDIOCORE(NEW)\DEBUG\AUDIOCORE.ILK
C:\USERS\E\DESKTOP\AUDIOCORE(NEW)\DEBUG\AUDIOCORE.PDB
